<?xml version="1.0" encoding="UTF-8"?>
<!-- Generated by org.testng.reporters.JUnitXMLReporter -->
<testsuite hostname="Sherazs-MBP.fritz.box" ignored="0" name="Default test" tests="15" failures="0" timestamp="14 Dez 2016 14:22:00 GMT" time="0.113" errors="0">
  <testcase name="f" time="0.059" classname="calcTest.NewTest"/>
  <testcase name="f" time="0.003" classname="calcTest.NewTest"/>
  <testcase name="f" time="0.002" classname="calcTest.NewTest"/>
  <testcase name="f" time="0.002" classname="calcTest.NewTest"/>
  <testcase name="f" time="0.001" classname="calcTest.NewTest"/>
  <testcase name="f" time="0.001" classname="calcTest.NewTest"/>
  <testcase name="f" time="0.001" classname="calcTest.NewTest"/>
  <testcase name="f" time="0.002" classname="calcTest.NewTest"/>
  <testcase name="f" time="0.002" classname="calcTest.NewTest"/>
  <testcase name="f" time="0.001" classname="calcTest.NewTest"/>
  <testcase name="f" time="0.001" classname="calcTest.NewTest"/>
  <testcase name="f" time="0.004" classname="calcTest.NewTest"/>
  <testcase name="f" time="0.001" classname="calcTest.NewTest"/>
  <testcase name="f" time="0.001" classname="calcTest.NewTest"/>
  <testcase name="f" time="0.002" classname="calcTest.NewTest"/>
</testsuite> <!-- Default test -->
