<?xml version="1.0" encoding="UTF-8"?>
<!-- Generated by org.testng.reporters.JUnitXMLReporter -->
<testsuite hostname="wlan-172-31-58-24.fh-luebeck.de" ignored="0" name="Default test" tests="5" failures="0" timestamp="08 Dez 2016 11:32:21 GMT" time="0.084" errors="0">
  <testcase name="f" time="0.052" classname="calculator.CalculatorTest"/>
  <testcase name="f" time="0.002" classname="calculator.CalculatorTest"/>
  <testcase name="f" time="0.002" classname="calculator.CalculatorTest"/>
  <testcase name="f" time="0.003" classname="calculator.CalculatorTest"/>
  <testcase name="f" time="0.002" classname="calculator.CalculatorTest"/>
</testsuite> <!-- Default test -->
