<?xml version="1.0" encoding="UTF-8"?>
<testng-results skipped="0" failed="0" ignored="0" total="5" passed="5">
  <reporter-output>
  </reporter-output>
  <suite name="Default suite" duration-ms="84" started-at="2016-12-08T11:32:21Z" finished-at="2016-12-08T11:32:21Z">
    <groups>
    </groups>
    <test name="Default test" duration-ms="84" started-at="2016-12-08T11:32:21Z" finished-at="2016-12-08T11:32:21Z">
      <class name="calculator.CalculatorTest">
        <test-method status="PASS" signature="f(java.lang.String, int)[pri:0, instance:calculator.CalculatorTest@1593948d]" name="f" duration-ms="52" started-at="2016-12-08T12:32:21Z" data-provider="dataObjects" finished-at="2016-12-08T12:32:21Z">
          <params>
            <param index="0">
              <value>
                <![CDATA[ 8 * 5
]]>
              </value>
            </param>
            <param index="1">
              <value>
                <![CDATA[40]]>
              </value>
            </param>
          </params>
          <reporter-output>
          </reporter-output>
        </test-method> <!-- f -->
        <test-method status="PASS" signature="f(java.lang.String, int)[pri:0, instance:calculator.CalculatorTest@1593948d]" name="f" duration-ms="2" started-at="2016-12-08T12:32:21Z" data-provider="dataObjects" finished-at="2016-12-08T12:32:21Z">
          <params>
            <param index="0">
              <value>
                <![CDATA[( 4 + 4 )
]]>
              </value>
            </param>
            <param index="1">
              <value>
                <![CDATA[8]]>
              </value>
            </param>
          </params>
          <reporter-output>
          </reporter-output>
        </test-method> <!-- f -->
        <test-method status="PASS" signature="f(java.lang.String, int)[pri:0, instance:calculator.CalculatorTest@1593948d]" name="f" duration-ms="2" started-at="2016-12-08T12:32:21Z" data-provider="dataObjects" finished-at="2016-12-08T12:32:21Z">
          <params>
            <param index="0">
              <value>
                <![CDATA[2^8<10
]]>
              </value>
            </param>
            <param index="1">
              <value>
                <![CDATA[0]]>
              </value>
            </param>
          </params>
          <reporter-output>
          </reporter-output>
        </test-method> <!-- f -->
        <test-method status="PASS" signature="f(java.lang.String, int)[pri:0, instance:calculator.CalculatorTest@1593948d]" name="f" duration-ms="3" started-at="2016-12-08T12:32:21Z" data-provider="dataObjects" finished-at="2016-12-08T12:32:21Z">
          <params>
            <param index="0">
              <value>
                <![CDATA[a = 5+2
a+7
]]>
              </value>
            </param>
            <param index="1">
              <value>
                <![CDATA[14]]>
              </value>
            </param>
          </params>
          <reporter-output>
          </reporter-output>
        </test-method> <!-- f -->
        <test-method status="PASS" signature="f(java.lang.String, int)[pri:0, instance:calculator.CalculatorTest@1593948d]" name="f" duration-ms="2" started-at="2016-12-08T12:32:21Z" data-provider="dataObjects" finished-at="2016-12-08T12:32:21Z">
          <params>
            <param index="0">
              <value>
                <![CDATA[a = 5+2
#
a+7
]]>
              </value>
            </param>
            <param index="1">
              <value>
                <![CDATA[7]]>
              </value>
            </param>
          </params>
          <reporter-output>
          </reporter-output>
        </test-method> <!-- f -->
      </class> <!-- calculator.CalculatorTest -->
    </test> <!-- Default test -->
  </suite> <!-- Default suite -->
</testng-results>
